# JRE version: OpenJDK Runtime Environment Microsoft-8035246 (17.0.8+7) (build 17.0.8+7-LTS)
# Java VM: OpenJDK 64-Bit Server VM Microsoft-8035246 (17.0.8+7-LTS, mixed mode, sharing, tiered, compressed oops, compressed class ptrs, g1 gc, windows-amd64)
GC Precious Log:
 CPUs: 4 total, 4 available
 Memory: 15310M
 Large Page Support: Disabled
 NUMA Support: Disabled
 Compressed Oops: Enabled (32-bit)
 Heap Region Size: 1M
 Heap Min Capacity: 8M
 Heap Initial Capacity: 240M
 Heap Max Capacity: 2G
 Pre-touch: Disabled
 Parallel Workers: 4
 Concurrent Workers: 1
 Concurrent Refinement Workers: 4
 Periodic GC: Disabled
Heap:
 garbage-first heap   total 293888K, used 202254K [0x0000000080000000, 0x0000000100000000)
  region size 1024K, 43 young (44032K), 6 survivors (6144K)
 Metaspace       used 111078K, committed 112192K, reserved 557056K
  class space    used 15301K, committed 15808K, reserved 425984K
GC Heap History (20 events):
Event: 75.923 GC heap before
{Heap before GC invocations=38 (full 0):
 garbage-first heap   total 224256K, used 186678K [0x0000000080000000, 0x0000000100000000)
  region size 1024K, 85 young (87040K), 2 survivors (2048K)
 Metaspace       used 97948K, committed 98752K, reserved 557056K
  class space    used 13601K, committed 14016K, reserved 425984K
}
Event: 75.936 GC heap after
{Heap after GC invocations=39 (full 0):
 garbage-first heap   total 224256K, used 106924K [0x0000000080000000, 0x0000000100000000)
  region size 1024K, 7 young (7168K), 7 survivors (7168K)
 Metaspace       used 97948K, committed 98752K, reserved 557056K
  class space    used 13601K, committed 14016K, reserved 425984K
}
Event: 78.267 GC heap before
{Heap before GC invocations=40 (full 0):
 garbage-first heap   total 224256K, used 190892K [0x0000000080000000, 0x0000000100000000)
  region size 1024K, 84 young (86016K), 7 survivors (7168K)
 Metaspace       used 99656K, committed 100608K, reserved 557056K
  class space    used 13835K, committed 14272K, reserved 425984K
}
Event: 78.291 GC heap after
{Heap after GC invocations=41 (full 0):
 garbage-first heap   total 224256K, used 129199K [0x0000000080000000, 0x0000000100000000)
  region size 1024K, 11 young (11264K), 11 survivors (11264K)
 Metaspace       used 99656K, committed 100608K, reserved 557056K
  class space    used 13835K, committed 14272K, reserved 425984K
}
Event: 78.320 GC heap before
{Heap before GC invocations=41 (full 0):
 garbage-first heap   total 224256K, used 129199K [0x0000000080000000, 0x0000000100000000)
  region size 1024K, 12 young (12288K), 11 survivors (11264K)
 Metaspace       used 99656K, committed 100608K, reserved 557056K
  class space    used 13835K, committed 14272K, reserved 425984K
}
Event: 78.329 GC heap after
{Heap after GC invocations=42 (full 0):
 garbage-first heap   total 224256K, used 131652K [0x0000000080000000, 0x0000000100000000)
  region size 1024K, 2 young (2048K), 2 survivors (2048K)
 Metaspace       used 99656K, committed 100608K, reserved 557056K
  class space    used 13835K, committed 14272K, reserved 425984K
}
Event: 79.610 GC heap before
{Heap before GC invocations=42 (full 0):
 garbage-first heap   total 224256K, used 180804K [0x0000000080000000, 0x0000000100000000)
  region size 1024K, 50 young (51200K), 2 survivors (2048K)
 Metaspace       used 101722K, committed 102656K, reserved 557056K
  class space    used 14080K, committed 14528K, reserved 425984K
}
Event: 79.623 GC heap after
{Heap after GC invocations=43 (full 0):
 garbage-first heap   total 269312K, used 139077K [0x0000000080000000, 0x0000000100000000)
  region size 1024K, 7 young (7168K), 7 survivors (7168K)
 Metaspace       used 101722K, committed 102656K, reserved 557056K
  class space    used 14080K, committed 14528K, reserved 425984K
}
Event: 81.140 GC heap before
{Heap before GC invocations=44 (full 0):
 garbage-first heap   total 269312K, used 208709K [0x0000000080000000, 0x0000000100000000)
  region size 1024K, 74 young (75776K), 7 survivors (7168K)
 Metaspace       used 104873K, committed 105792K, reserved 557056K
  class space    used 14551K, committed 14976K, reserved 425984K
}
Event: 81.156 GC heap after
{Heap after GC invocations=45 (full 0):
 garbage-first heap   total 269312K, used 149353K [0x0000000080000000, 0x0000000100000000)
  region size 1024K, 8 young (8192K), 8 survivors (8192K)
 Metaspace       used 104873K, committed 105792K, reserved 557056K
  class space    used 14551K, committed 14976K, reserved 425984K
}
Event: 81.342 GC heap before
{Heap before GC invocations=45 (full 0):
 garbage-first heap   total 269312K, used 154473K [0x0000000080000000, 0x0000000100000000)
  region size 1024K, 13 young (13312K), 8 survivors (8192K)
 Metaspace       used 105213K, committed 106240K, reserved 557056K
  class space    used 14594K, committed 15040K, reserved 425984K
}
Event: 81.351 GC heap after
{Heap after GC invocations=46 (full 0):
 garbage-first heap   total 269312K, used 149816K [0x0000000080000000, 0x0000000100000000)
  region size 1024K, 2 young (2048K), 2 survivors (2048K)
 Metaspace       used 105213K, committed 106240K, reserved 557056K
  class space    used 14594K, committed 15040K, reserved 425984K
}
Event: 82.819 GC heap before
{Heap before GC invocations=46 (full 0):
 garbage-first heap   total 269312K, used 213304K [0x0000000080000000, 0x0000000100000000)
  region size 1024K, 64 young (65536K), 2 survivors (2048K)
 Metaspace       used 109004K, committed 110016K, reserved 557056K
  class space    used 15066K, committed 15552K, reserved 425984K
}
Event: 82.840 GC heap after
{Heap after GC invocations=47 (full 0):
 garbage-first heap   total 269312K, used 155305K [0x0000000080000000, 0x0000000100000000)
  region size 1024K, 7 young (7168K), 7 survivors (7168K)
 Metaspace       used 109004K, committed 110016K, reserved 557056K
  class space    used 15066K, committed 15552K, reserved 425984K
}
Event: 84.317 GC heap before
{Heap before GC invocations=48 (full 0):
 garbage-first heap   total 283648K, used 215721K [0x0000000080000000, 0x0000000100000000)
  region size 1024K, 66 young (67584K), 7 survivors (7168K)
 Metaspace       used 109690K, committed 110720K, reserved 557056K
  class space    used 15123K, committed 15616K, reserved 425984K
}
Event: 84.337 GC heap after
{Heap after GC invocations=49 (full 0):
 garbage-first heap   total 283648K, used 161948K [0x0000000080000000, 0x0000000100000000)
  region size 1024K, 7 young (7168K), 7 survivors (7168K)
 Metaspace       used 109690K, committed 110720K, reserved 557056K
  class space    used 15123K, committed 15616K, reserved 425984K
}
Event: 84.429 GC heap before
{Heap before GC invocations=49 (full 0):
 garbage-first heap   total 283648K, used 168092K [0x0000000080000000, 0x0000000100000000)
  region size 1024K, 13 young (13312K), 7 survivors (7168K)
 Metaspace       used 109739K, committed 110784K, reserved 557056K
  class space    used 15127K, committed 15616K, reserved 425984K
}
Event: 84.441 GC heap after
{Heap after GC invocations=50 (full 0):
 garbage-first heap   total 283648K, used 161594K [0x0000000080000000, 0x0000000100000000)
  region size 1024K, 2 young (2048K), 2 survivors (2048K)
 Metaspace       used 109739K, committed 110784K, reserved 557056K
  class space    used 15127K, committed 15616K, reserved 425984K
}
Event: 86.401 GC heap before
{Heap before GC invocations=50 (full 0):
 garbage-first heap   total 283648K, used 228154K [0x0000000080000000, 0x0000000100000000)
  region size 1024K, 67 young (68608K), 2 survivors (2048K)
 Metaspace       used 111036K, committed 112064K, reserved 557056K
  class space    used 15301K, committed 15808K, reserved 425984K
}
Event: 86.421 GC heap after
{Heap after GC invocations=51 (full 0):
 garbage-first heap   total 283648K, used 166414K [0x0000000080000000, 0x0000000100000000)
  region size 1024K, 6 young (6144K), 6 survivors (6144K)
 Metaspace       used 111036K, committed 112064K, reserved 557056K
  class space    used 15301K, committed 15808K, reserved 425984K
}

